<?xml version="1.0" encoding="UTF-8"?>
<testng-results skipped="0" failed="0" ignored="0" total="1" passed="1">
  <reporter-output>
  </reporter-output>
  <suite name="Default suite" duration-ms="279175" started-at="2019-11-01T17:27:13 IST" finished-at="2019-11-01T17:31:52 IST">
    <groups>
    </groups>
    <test name="Default test" duration-ms="279175" started-at="2019-11-01T17:27:13 IST" finished-at="2019-11-01T17:31:52 IST">
      <class name="tests.Example4">
        <test-method status="PASS" signature="exp4()[pri:0, instance:tests.Example4@38e79ae3]" name="exp4" duration-ms="279003" started-at="2019-11-01T17:27:13 IST" finished-at="2019-11-01T17:31:52 IST">
          <reporter-output>
          </reporter-output>
        </test-method> <!-- exp4 -->
      </class> <!-- tests.Example4 -->
    </test> <!-- Default test -->
  </suite> <!-- Default suite -->
</testng-results>
